2026-07-08 16:31:16,885 | INFO | TEST | Logger is working!
2026-07-08 16:31:16,885 | WARNING | TEST | This is a warning.
2026-07-08 16:31:16,885 | ERROR | TEST | This is an error.
2026-07-08 16:32:45,567 | INFO | TEST | Logger is working!
2026-07-08 16:32:45,568 | WARNING | TEST | This is a warning.
2026-07-08 16:32:45,568 | ERROR | TEST | This is an error.
2026-07-10 11:02:57,911 | INFO | PARSER | Parsing incoming alert...
2026-07-10 11:02:57,911 | INFO | PARSER | Alert parsed successfully.
2026-07-10 11:02:57,912 | INFO | VALIDATOR | Validating alert...
2026-07-10 11:02:57,912 | INFO | VALIDATOR | Alert validation successful.
2026-07-10 11:03:05,906 | INFO | SERVICE | Received new alert.
2026-07-10 11:03:05,907 | INFO | PARSER | Parsing incoming alert...
2026-07-10 11:03:05,907 | INFO | PARSER | Alert parsed successfully.
2026-07-10 11:03:05,907 | INFO | VALIDATOR | Validating alert...
2026-07-10 11:03:05,907 | INFO | VALIDATOR | Alert validation successful.
2026-07-10 11:03:05,908 | INFO | SERVICE | Alert accepted.
2026-07-10 11:42:09,238 | INFO | SERVICE | Received new alert.
2026-07-10 11:42:09,239 | INFO | PARSER | Parsing incoming alert...
2026-07-10 11:42:09,239 | INFO | PARSER | Alert parsed successfully.
2026-07-10 11:42:09,239 | INFO | VALIDATOR | Validating alert...
2026-07-10 11:42:09,239 | INFO | VALIDATOR | Alert validation successful.
2026-07-10 11:42:09,240 | INFO | SERVICE | Alert accepted.
2026-07-10 11:42:10,775 | INFO | SERVICE | Received new alert.
2026-07-10 11:42:10,775 | INFO | PARSER | Parsing incoming alert...
2026-07-10 11:42:10,775 | INFO | PARSER | Alert parsed successfully.
2026-07-10 11:42:10,775 | INFO | VALIDATOR | Validating alert...
2026-07-10 11:42:10,776 | INFO | VALIDATOR | Alert validation successful.
2026-07-10 11:42:10,776 | INFO | SERVICE | Alert accepted.
2026-07-10 11:50:11,345 | INFO | SERVICE | Received new alert.
2026-07-10 11:50:11,346 | INFO | PARSER | Parsing incoming alert...
2026-07-10 11:50:11,346 | INFO | PARSER | Alert parsed successfully.
2026-07-10 11:50:11,346 | INFO | VALIDATOR | Validating alert...
2026-07-10 11:50:11,346 | INFO | VALIDATOR | Alert validation successful.
2026-07-10 11:50:11,347 | INFO | SERVICE | Alert accepted.
2026-07-10 11:50:31,876 | INFO | SERVICE | Received new alert.
2026-07-10 11:50:31,877 | INFO | PARSER | Parsing incoming alert...
2026-07-10 11:50:31,877 | INFO | PARSER | Alert parsed successfully.
2026-07-10 11:50:31,877 | INFO | VALIDATOR | Validating alert...
2026-07-10 11:50:31,878 | INFO | VALIDATOR | Alert validation successful.
2026-07-10 11:50:31,878 | INFO | SERVICE | Alert accepted.
2026-07-10 12:59:28,040 | INFO | PARSER | Parsing incoming alert...
2026-07-10 12:59:28,041 | INFO | PARSER | Alert parsed successfully.
2026-07-10 12:59:28,041 | INFO | FEATURES | Extracting alert features...
2026-07-10 12:59:28,041 | INFO | FEATURES | Feature extraction completed.
2026-07-10 13:07:18,061 | INFO | PARSER | Parsing incoming alert...
2026-07-10 13:07:18,061 | INFO | PARSER | Alert parsed successfully.
2026-07-10 13:07:18,061 | INFO | MITRE | Mapping MITRE ATT&CK...
2026-07-10 13:07:18,062 | INFO | MITRE | Matched MITRE T1059.001
2026-07-10 14:11:47,926 | INFO | THREAT_INTEL | Checking reputation of 192.168.10.5
2026-07-10 14:11:47,927 | INFO | THREAT_INTEL | Checking reputation of 185.220.101.15
2026-07-10 14:11:47,927 | INFO | THREAT_INTEL | Checking reputation of 8.8.8.8
2026-07-10 14:15:50,331 | INFO | DECISION | Calculating risk score...
2026-07-10 14:15:50,332 | INFO | DECISION | Risk Score = 100
2026-07-10 14:43:46,041 | INFO | SERVICE | Received new alert.
2026-07-10 14:43:46,042 | INFO | PARSER | Parsing incoming alert...
2026-07-10 14:43:46,042 | INFO | PARSER | Alert parsed successfully.
2026-07-10 14:43:46,042 | INFO | VALIDATOR | Validating alert...
2026-07-10 14:43:46,043 | INFO | VALIDATOR | Alert validation successful.
2026-07-10 14:43:46,043 | INFO | FEATURES | Extracting alert features...
2026-07-10 14:43:46,043 | INFO | FEATURES | Feature extraction completed.
2026-07-10 14:43:46,043 | INFO | MITRE | Mapping MITRE ATT&CK...
2026-07-10 14:43:46,044 | INFO | MITRE | Matched MITRE T1059.001
2026-07-10 14:43:46,044 | INFO | THREAT_INTEL | Checking reputation of 192.168.10.5
2026-07-10 14:43:46,044 | INFO | DECISION | Calculating risk score...
2026-07-10 14:43:46,044 | INFO | DECISION | Risk Score = 50
2026-07-10 14:43:46,044 | INFO | SERVICE | Processing completed.
2026-07-10 14:56:55,910 | INFO | SERVICE | Received new alert.
2026-07-10 14:56:55,911 | INFO | PARSER | Parsing incoming alert...
2026-07-10 14:56:55,911 | INFO | PARSER | Alert parsed successfully.
2026-07-10 14:56:55,911 | INFO | VALIDATOR | Validating alert...
2026-07-10 14:56:55,912 | INFO | VALIDATOR | Alert validation successful.
2026-07-10 14:56:55,912 | INFO | FEATURES | Extracting alert features...
2026-07-10 14:56:55,912 | INFO | FEATURES | Feature extraction completed.
2026-07-10 14:56:55,913 | INFO | MITRE | Mapping MITRE ATT&CK...
2026-07-10 14:56:55,913 | INFO | MITRE | Matched MITRE T1059.001
2026-07-10 14:56:55,913 | INFO | THREAT_INTEL | Checking reputation of 192.168.10.5
2026-07-10 14:56:55,913 | INFO | DECISION | Calculating risk score...
2026-07-10 14:56:55,914 | INFO | DECISION | Risk Score = 50
2026-07-10 14:56:55,914 | INFO | SERVICE | Processing completed.
2026-07-10 15:54:54,193 | INFO | SERVICE | Received new alert.
2026-07-10 15:54:54,194 | INFO | PARSER | Parsing incoming alert...
2026-07-10 15:54:54,194 | INFO | PARSER | Alert parsed successfully.
2026-07-10 15:54:54,194 | INFO | VALIDATOR | Validating alert...
2026-07-10 15:54:54,194 | INFO | VALIDATOR | Alert validation successful.
2026-07-10 15:54:54,194 | INFO | FEATURES | Extracting alert features...
2026-07-10 15:54:54,195 | INFO | FEATURES | Feature extraction completed.
2026-07-10 15:54:54,195 | INFO | MITRE | Mapping MITRE ATT&CK...
2026-07-10 15:54:54,195 | INFO | MITRE | Matched MITRE T1059.001
2026-07-10 15:54:54,195 | INFO | THREAT_INTEL | Checking reputation of 192.168.10.5
2026-07-10 15:54:54,195 | INFO | DECISION | Calculating risk score...
2026-07-10 15:54:54,196 | INFO | DECISION | Risk Score = 50
2026-07-10 15:54:54,196 | INFO | SERVICE | Processing completed.
2026-07-10 16:57:05,777 | INFO | SERVICE | Received new alert.
2026-07-10 16:57:05,778 | INFO | PARSER | Parsing incoming alert...
2026-07-10 16:57:05,779 | INFO | PARSER | Alert parsed successfully.
2026-07-10 16:57:05,779 | INFO | VALIDATOR | Validating alert...
2026-07-10 16:57:05,780 | INFO | VALIDATOR | Alert validation successful.
2026-07-10 16:57:05,781 | INFO | FEATURES | Extracting alert features...
2026-07-10 16:57:05,781 | INFO | FEATURES | Feature extraction completed.
2026-07-10 16:57:05,783 | INFO | MITRE | Mapping MITRE ATT&CK...
2026-07-10 16:57:05,785 | INFO | MITRE | Matched MITRE T1059.001
2026-07-10 16:57:05,786 | INFO | THREAT_INTEL | Checking reputation of 192.168.10.5
2026-07-10 16:57:05,788 | INFO | DECISION | Running XGBoost prediction...
2026-07-10 16:57:05,801 | INFO | DECISION | Risk Score=1, Decision=Close
2026-07-10 16:57:05,802 | INFO | SERVICE | Alert processing completed.
2026-07-10 17:15:59,064 | INFO | SERVICE | Received new alert.
2026-07-10 17:15:59,065 | INFO | PARSER | Parsing incoming alert...
2026-07-10 17:15:59,065 | INFO | PARSER | Alert parsed successfully.
2026-07-10 17:15:59,065 | INFO | VALIDATOR | Validating alert...
2026-07-10 17:15:59,066 | INFO | VALIDATOR | Alert validation successful.
2026-07-10 17:15:59,066 | INFO | FEATURES | Extracting alert features...
2026-07-10 17:15:59,066 | INFO | FEATURES | Feature extraction completed.
2026-07-10 17:15:59,066 | INFO | MITRE | Mapping MITRE ATT&CK...
2026-07-10 17:15:59,067 | INFO | MITRE | Matched MITRE T1059.001
2026-07-10 17:15:59,067 | INFO | THREAT_INTEL | Checking reputation of 192.168.10.5
2026-07-10 17:15:59,067 | INFO | DECISION | Running XGBoost prediction...
2026-07-10 17:15:59,075 | INFO | DECISION | Risk Score=1, Decision=Close
2026-07-10 17:15:59,075 | INFO | SERVICE | Alert processing completed.
2026-07-10 17:16:12,207 | INFO | SERVICE | Received new alert.
2026-07-10 17:16:12,207 | INFO | PARSER | Parsing incoming alert...
2026-07-10 17:16:12,208 | INFO | PARSER | Alert parsed successfully.
2026-07-10 17:16:12,208 | INFO | VALIDATOR | Validating alert...
2026-07-10 17:16:12,208 | INFO | VALIDATOR | Alert validation successful.
2026-07-10 17:16:12,208 | INFO | FEATURES | Extracting alert features...
2026-07-10 17:16:12,209 | INFO | FEATURES | Feature extraction completed.
2026-07-10 17:16:12,209 | INFO | MITRE | Mapping MITRE ATT&CK...
2026-07-10 17:16:12,209 | INFO | MITRE | Matched MITRE T1059.001
2026-07-10 17:16:12,209 | INFO | THREAT_INTEL | Checking reputation of 192.168.10.5
2026-07-10 17:16:12,209 | INFO | DECISION | Running XGBoost prediction...
2026-07-10 17:16:12,218 | INFO | DECISION | Risk Score=100, Decision=Escalate
2026-07-10 17:16:12,219 | INFO | SERVICE | Alert processing completed.
2026-07-14 10:25:44,762 | INFO | SERVICE | Received new alert.
2026-07-14 10:25:44,762 | INFO | PARSER | Parsing incoming alert...
2026-07-14 10:25:44,763 | INFO | PARSER | Alert parsed successfully.
2026-07-14 10:25:44,763 | INFO | VALIDATOR | Validating alert...
2026-07-14 10:25:44,763 | INFO | VALIDATOR | Alert validation successful.
2026-07-14 10:25:44,763 | INFO | SERVICE | Alert validation successful.
2026-07-14 10:25:44,764 | INFO | FEATURES | Extracting alert features...
2026-07-14 10:25:44,764 | INFO | FEATURES | Feature extraction completed.
2026-07-14 10:25:44,764 | INFO | MITRE | Mapping MITRE ATT&CK...
2026-07-14 10:25:44,764 | INFO | MITRE | Matched MITRE T1059.001
2026-07-14 10:25:44,765 | INFO | THREAT_INTEL | Checking reputation of 192.168.10.5
2026-07-14 10:25:44,765 | INFO | DECISION | Running XGBoost prediction...
2026-07-14 10:25:44,781 | INFO | DECISION | Risk Score=100, Decision=Escalate
2026-07-14 10:25:44,782 | INFO | EXPLAINER | Explanation generated.
2026-07-14 10:25:44,782 | INFO | SERVICE | Alert processed successfully.
2026-07-14 12:19:34,708 | INFO | SERVICE | Received new alert.
2026-07-14 12:19:34,708 | INFO | PARSER | Parsing incoming alert...
2026-07-14 12:25:20,908 | INFO | SERVICE | Received new alert.
2026-07-14 12:25:20,908 | INFO | PARSER | Parsing incoming alert...
2026-07-14 12:25:37,731 | INFO | SERVICE | Received new alert.
2026-07-14 12:25:37,731 | INFO | PARSER | Parsing incoming alert...
2026-07-14 12:39:44,690 | INFO | SERVICE | Received new alert.
2026-07-14 12:39:44,691 | INFO | PARSER | Parsing incoming alert...
2026-07-14 12:39:45,150 | INFO | SERVICE | Received new alert.
2026-07-14 12:39:45,150 | INFO | PARSER | Parsing incoming alert...
2026-07-14 12:39:45,490 | INFO | SERVICE | Received new alert.
2026-07-14 12:39:45,490 | INFO | PARSER | Parsing incoming alert...
2026-07-14 12:39:56,205 | INFO | SERVICE | Received new alert.
2026-07-14 12:39:56,206 | INFO | PARSER | Parsing incoming alert...
2026-07-14 12:39:56,837 | INFO | SERVICE | Received new alert.
2026-07-14 12:39:56,837 | INFO | PARSER | Parsing incoming alert...
2026-07-14 12:39:57,035 | INFO | SERVICE | Received new alert.
2026-07-14 12:39:57,035 | INFO | PARSER | Parsing incoming alert...
2026-07-14 12:40:42,399 | INFO | SERVICE | Received new alert.
2026-07-14 12:40:42,400 | INFO | PARSER | Parsing incoming alert...
2026-07-14 12:40:44,313 | INFO | SERVICE | Received new alert.
2026-07-14 12:40:44,313 | INFO | PARSER | Parsing incoming alert...
2026-07-14 12:40:44,886 | INFO | SERVICE | Received new alert.
2026-07-14 12:40:44,886 | INFO | PARSER | Parsing incoming alert...
2026-07-14 12:42:38,430 | INFO | SERVICE | Received new alert.
2026-07-14 12:42:38,430 | INFO | PARSER | Parsing incoming alert...
2026-07-14 12:42:40,001 | INFO | SERVICE | Received new alert.
2026-07-14 12:42:40,001 | INFO | PARSER | Parsing incoming alert...
2026-07-14 12:42:42,470 | INFO | SERVICE | Received new alert.
2026-07-14 12:42:42,470 | INFO | PARSER | Parsing incoming alert...
2026-07-14 12:42:42,813 | INFO | SERVICE | Received new alert.
2026-07-14 12:42:42,813 | INFO | PARSER | Parsing incoming alert...
2026-07-14 12:44:31,059 | INFO | SERVICE | Received new alert.
2026-07-14 12:44:31,059 | INFO | PARSER | Parsing incoming alert...
2026-07-14 12:44:35,363 | INFO | SERVICE | Received new alert.
2026-07-14 12:44:35,364 | INFO | PARSER | Parsing incoming alert...
2026-07-14 12:45:10,349 | INFO | SERVICE | Received new alert.
2026-07-14 12:45:10,349 | INFO | PARSER | Parsing incoming alert...
2026-07-14 12:45:10,536 | INFO | SERVICE | Received new alert.
2026-07-14 12:45:10,536 | INFO | PARSER | Parsing incoming alert...
2026-07-14 12:45:33,420 | INFO | SERVICE | Received new alert.
2026-07-14 12:45:33,420 | INFO | PARSER | Parsing incoming alert...
2026-07-14 12:54:49,873 | INFO | SERVICE | Received new alert.
2026-07-14 12:54:49,873 | INFO | PARSER | Parsing incoming alert...
2026-07-14 12:54:49,876 | ERROR | SERVICE | Alert Processing Failed
Traceback (most recent call last):
  File "C:\Projects\AI_SOC_ENGINE\src\services\alert_service.py", line 43, in process
    alert = self.parser.parse(raw_alert)
  File "C:\Projects\AI_SOC_ENGINE\src\parser\parser.py", line 24, in parse
    metadata=AlertMetadata(
             ~~~~~~~~~~~~~^
        alert_id=data.get("alert_id", "UNKNOWN"),
        ^^^^^^^^^^^^^^^^^^^^^^^^^^^^^^^^^^^^^^^^^
    ...<2 lines>...
        timestamp=data.get("timestamp"),
        ^^^^^^^^^^^^^^^^^^^^^^^^^^^^^^^^
    ),
    ^
  File "C:\Projects\AI_SOC_ENGINE\.venv\Lib\site-packages\pydantic\main.py", line 263, in __init__
    validated_self = self.__pydantic_validator__.validate_python(data, self_instance=self)
pydantic_core._pydantic_core.ValidationError: 1 validation error for AlertMetadata
timestamp
  Input should be a valid datetime [type=datetime_type, input_value=None, input_type=NoneType]
    For further information visit https://errors.pydantic.dev/2.13/v/datetime_type
2026-07-14 12:54:56,293 | INFO | SERVICE | Received new alert.
2026-07-14 12:54:56,294 | INFO | PARSER | Parsing incoming alert...
2026-07-14 12:54:56,296 | ERROR | SERVICE | Alert Processing Failed
Traceback (most recent call last):
  File "C:\Projects\AI_SOC_ENGINE\src\services\alert_service.py", line 43, in process
    alert = self.parser.parse(raw_alert)
  File "C:\Projects\AI_SOC_ENGINE\src\parser\parser.py", line 24, in parse
    metadata=AlertMetadata(
             ~~~~~~~~~~~~~^
        alert_id=data.get("alert_id", "UNKNOWN"),
        ^^^^^^^^^^^^^^^^^^^^^^^^^^^^^^^^^^^^^^^^^
    ...<2 lines>...
        timestamp=data.get("timestamp"),
        ^^^^^^^^^^^^^^^^^^^^^^^^^^^^^^^^
    ),
    ^
  File "C:\Projects\AI_SOC_ENGINE\.venv\Lib\site-packages\pydantic\main.py", line 263, in __init__
    validated_self = self.__pydantic_validator__.validate_python(data, self_instance=self)
pydantic_core._pydantic_core.ValidationError: 1 validation error for AlertMetadata
timestamp
  Input should be a valid datetime [type=datetime_type, input_value=None, input_type=NoneType]
    For further information visit https://errors.pydantic.dev/2.13/v/datetime_type
2026-07-14 12:55:14,180 | INFO | SERVICE | Received new alert.
2026-07-14 12:55:14,180 | INFO | PARSER | Parsing incoming alert...
2026-07-14 12:55:14,182 | ERROR | SERVICE | Alert Processing Failed
Traceback (most recent call last):
  File "C:\Projects\AI_SOC_ENGINE\src\services\alert_service.py", line 43, in process
    alert = self.parser.parse(raw_alert)
  File "C:\Projects\AI_SOC_ENGINE\src\parser\parser.py", line 24, in parse
    metadata=AlertMetadata(
             ~~~~~~~~~~~~~^
        alert_id=data.get("alert_id", "UNKNOWN"),
        ^^^^^^^^^^^^^^^^^^^^^^^^^^^^^^^^^^^^^^^^^
    ...<2 lines>...
        timestamp=data.get("timestamp"),
        ^^^^^^^^^^^^^^^^^^^^^^^^^^^^^^^^
    ),
    ^
  File "C:\Projects\AI_SOC_ENGINE\.venv\Lib\site-packages\pydantic\main.py", line 263, in __init__
    validated_self = self.__pydantic_validator__.validate_python(data, self_instance=self)
pydantic_core._pydantic_core.ValidationError: 1 validation error for AlertMetadata
timestamp
  Input should be a valid datetime [type=datetime_type, input_value=None, input_type=NoneType]
    For further information visit https://errors.pydantic.dev/2.13/v/datetime_type
2026-07-14 14:07:06,045 | INFO | SERVICE | Received new alert.
2026-07-14 14:07:06,045 | INFO | PARSER | Parsing incoming alert...
2026-07-14 14:07:06,045 | INFO | PARSER | Alert parsed successfully.
2026-07-14 14:07:06,046 | INFO | VALIDATOR | Validating alert...
2026-07-14 14:07:06,046 | INFO | VALIDATOR | Alert validation successful.
2026-07-14 14:07:06,046 | INFO | SERVICE | Alert validation successful.
2026-07-14 14:07:06,046 | INFO | FEATURES | Extracting alert features...
2026-07-14 14:07:06,047 | INFO | FEATURES | Feature extraction completed.
2026-07-14 14:07:06,047 | INFO | MITRE | Mapping MITRE ATT&CK...
2026-07-14 14:07:06,047 | INFO | MITRE | Matched MITRE T1059.001
2026-07-14 14:07:06,047 | INFO | THREAT_INTEL | Checking reputation of 192.168.10.5
2026-07-14 14:07:06,048 | INFO | DECISION | Running XGBoost prediction...
2026-07-14 14:07:06,054 | INFO | DECISION | Risk Score=100, Decision=Escalate
2026-07-14 14:07:06,055 | INFO | EXPLAINER | Explanation generated.
2026-07-14 14:07:06,056 | INFO | SERVICE | Alert processed successfully.
2026-07-14 14:42:47,826 | INFO | SERVICE | Received new alert.
2026-07-14 14:42:47,827 | INFO | PARSER | Parsing incoming alert...
2026-07-14 14:42:47,827 | INFO | PARSER | Alert parsed successfully.
2026-07-14 14:42:47,827 | INFO | VALIDATOR | Validating alert...
2026-07-14 14:42:47,828 | INFO | VALIDATOR | Alert validation successful.
2026-07-14 14:42:47,828 | INFO | SERVICE | Alert validation successful.
2026-07-14 14:42:47,828 | INFO | FEATURES | Extracting alert features...
2026-07-14 14:42:47,829 | INFO | FEATURES | Feature extraction completed.
2026-07-14 14:42:47,829 | INFO | MITRE | Mapping MITRE ATT&CK...
2026-07-14 14:42:47,829 | INFO | MITRE | Matched MITRE T1059.001
2026-07-14 14:42:47,829 | INFO | THREAT_INTEL | Checking reputation of 192.168.10.5
2026-07-14 14:42:47,830 | INFO | DECISION | Running XGBoost prediction...
2026-07-14 14:42:47,834 | INFO | DECISION | Risk Score=1, Decision=Close
2026-07-14 14:42:47,834 | INFO | EXPLAINER | Explanation generated.
2026-07-14 14:42:47,835 | INFO | SERVICE | Alert processed successfully.
2026-07-14 14:42:49,180 | INFO | SERVICE | Received new alert.
2026-07-14 14:42:49,181 | INFO | PARSER | Parsing incoming alert...
2026-07-14 14:42:49,181 | INFO | PARSER | Alert parsed successfully.
2026-07-14 14:42:49,181 | INFO | VALIDATOR | Validating alert...
2026-07-14 14:42:49,182 | INFO | VALIDATOR | Alert validation successful.
2026-07-14 14:42:49,182 | INFO | SERVICE | Alert validation successful.
2026-07-14 14:42:49,182 | INFO | FEATURES | Extracting alert features...
2026-07-14 14:42:49,182 | INFO | FEATURES | Feature extraction completed.
2026-07-14 14:42:49,183 | INFO | MITRE | Mapping MITRE ATT&CK...
2026-07-14 14:42:49,183 | INFO | MITRE | Matched MITRE T1059.001
2026-07-14 14:42:49,183 | INFO | THREAT_INTEL | Checking reputation of 192.168.10.5
2026-07-14 14:42:49,183 | INFO | DECISION | Running XGBoost prediction...
2026-07-14 14:42:49,186 | INFO | DECISION | Risk Score=1, Decision=Close
2026-07-14 14:42:49,186 | INFO | EXPLAINER | Explanation generated.
2026-07-14 14:42:49,186 | INFO | SERVICE | Alert processed successfully.
2026-07-14 14:42:49,361 | INFO | SERVICE | Received new alert.
2026-07-14 14:42:49,361 | INFO | PARSER | Parsing incoming alert...
2026-07-14 14:42:49,362 | INFO | PARSER | Alert parsed successfully.
2026-07-14 14:42:49,362 | INFO | VALIDATOR | Validating alert...
2026-07-14 14:42:49,362 | INFO | VALIDATOR | Alert validation successful.
2026-07-14 14:42:49,362 | INFO | SERVICE | Alert validation successful.
2026-07-14 14:42:49,363 | INFO | FEATURES | Extracting alert features...
2026-07-14 14:42:49,363 | INFO | FEATURES | Feature extraction completed.
2026-07-14 14:42:49,363 | INFO | MITRE | Mapping MITRE ATT&CK...
2026-07-14 14:42:49,363 | INFO | MITRE | Matched MITRE T1059.001
2026-07-14 14:42:49,364 | INFO | THREAT_INTEL | Checking reputation of 192.168.10.5
2026-07-14 14:42:49,364 | INFO | DECISION | Running XGBoost prediction...
2026-07-14 14:42:49,366 | INFO | DECISION | Risk Score=1, Decision=Close
2026-07-14 14:42:49,367 | INFO | EXPLAINER | Explanation generated.
2026-07-14 14:42:49,367 | INFO | SERVICE | Alert processed successfully.
2026-07-14 14:43:04,641 | INFO | SERVICE | Received new alert.
2026-07-14 14:43:04,641 | INFO | PARSER | Parsing incoming alert...
2026-07-14 14:43:04,641 | INFO | PARSER | Alert parsed successfully.
2026-07-14 14:43:04,642 | INFO | VALIDATOR | Validating alert...
2026-07-14 14:43:04,642 | INFO | VALIDATOR | Alert validation successful.
2026-07-14 14:43:04,642 | INFO | SERVICE | Alert validation successful.
2026-07-14 14:43:04,642 | INFO | FEATURES | Extracting alert features...
2026-07-14 14:43:04,643 | INFO | FEATURES | Feature extraction completed.
2026-07-14 14:43:04,643 | INFO | MITRE | Mapping MITRE ATT&CK...
2026-07-14 14:43:04,643 | INFO | MITRE | Matched MITRE T1059.001
2026-07-14 14:43:04,643 | INFO | THREAT_INTEL | Checking reputation of 172.168.10.5
2026-07-14 14:43:04,644 | INFO | DECISION | Running XGBoost prediction...
2026-07-14 14:43:04,646 | INFO | DECISION | Risk Score=1, Decision=Close
2026-07-14 14:43:04,647 | INFO | EXPLAINER | Explanation generated.
2026-07-14 14:43:04,649 | INFO | SERVICE | Alert processed successfully.
2026-07-14 15:16:36,087 | INFO | SERVICE | Received new alert.
2026-07-14 15:16:36,087 | INFO | PARSER | Parsing incoming alert...
2026-07-14 15:16:36,087 | INFO | PARSER | Alert parsed successfully.
2026-07-14 15:16:36,088 | INFO | VALIDATOR | Validating alert...
2026-07-14 15:16:36,088 | INFO | VALIDATOR | Alert validation successful.
2026-07-14 15:16:36,088 | INFO | SERVICE | Alert validation successful.
2026-07-14 15:16:36,088 | INFO | FEATURES | Extracting alert features...
2026-07-14 15:16:36,089 | INFO | FEATURES | Feature extraction completed.
2026-07-14 15:16:36,089 | INFO | MITRE | Mapping MITRE ATT&CK...
2026-07-14 15:16:36,089 | INFO | MITRE | Matched MITRE T1059.001
2026-07-14 15:16:36,089 | INFO | THREAT_INTEL | Checking reputation of 192.168.10.5
2026-07-14 15:16:36,089 | INFO | DECISION | Running XGBoost prediction...
2026-07-14 15:16:36,092 | INFO | DECISION | Risk Score=100, Decision=Escalate
2026-07-14 15:16:36,092 | INFO | EXPLAINER | Explanation generated.
2026-07-14 15:16:36,093 | INFO | SERVICE | Alert processed successfully.
2026-07-14 15:16:39,970 | INFO | SERVICE | Received new alert.
2026-07-14 15:16:39,970 | INFO | PARSER | Parsing incoming alert...
2026-07-14 15:16:39,970 | INFO | PARSER | Alert parsed successfully.
2026-07-14 15:16:39,971 | INFO | VALIDATOR | Validating alert...
2026-07-14 15:16:39,971 | INFO | VALIDATOR | Alert validation successful.
2026-07-14 15:16:39,971 | INFO | SERVICE | Alert validation successful.
2026-07-14 15:16:39,971 | INFO | FEATURES | Extracting alert features...
2026-07-14 15:16:39,972 | INFO | FEATURES | Feature extraction completed.
2026-07-14 15:16:39,972 | INFO | MITRE | Mapping MITRE ATT&CK...
2026-07-14 15:16:39,972 | INFO | MITRE | Matched MITRE T1059.001
2026-07-14 15:16:39,972 | INFO | THREAT_INTEL | Checking reputation of 192.168.10.5
2026-07-14 15:16:39,972 | INFO | DECISION | Running XGBoost prediction...
2026-07-14 15:16:39,974 | INFO | DECISION | Risk Score=100, Decision=Escalate
2026-07-14 15:16:39,974 | INFO | EXPLAINER | Explanation generated.
2026-07-14 15:16:39,974 | INFO | SERVICE | Alert processed successfully.
2026-07-14 15:29:41,735 | INFO | SERVICE | Received new alert.
2026-07-14 15:29:41,735 | INFO | PARSER | Parsing incoming alert...
2026-07-14 15:29:41,736 | INFO | PARSER | Alert parsed successfully.
2026-07-14 15:29:41,736 | INFO | VALIDATOR | Validating alert...
2026-07-14 15:29:41,736 | INFO | VALIDATOR | Alert validation successful.
2026-07-14 15:29:41,736 | INFO | SERVICE | Alert validation successful.
2026-07-14 15:29:41,737 | INFO | FEATURES | Extracting alert features...
2026-07-14 15:29:41,737 | INFO | FEATURES | Feature extraction completed.
2026-07-14 15:29:41,737 | INFO | MITRE | Mapping MITRE ATT&CK...
2026-07-14 15:29:41,737 | INFO | MITRE | Matched MITRE T1059.001
2026-07-14 15:29:41,738 | INFO | THREAT_INTEL | Checking reputation of 192.168.10.5
2026-07-14 15:29:41,738 | INFO | DECISION | Running XGBoost prediction...
2026-07-14 15:29:41,740 | INFO | DECISION | Risk Score=100, Decision=Escalate
2026-07-14 15:29:41,741 | INFO | EXPLAINER | Explanation generated.
2026-07-14 15:29:41,741 | INFO | SERVICE | Alert processed successfully.
2026-07-14 15:29:50,861 | INFO | SERVICE | Received new alert.
2026-07-14 15:29:50,862 | INFO | PARSER | Parsing incoming alert...
2026-07-14 15:29:50,862 | INFO | PARSER | Alert parsed successfully.
2026-07-14 15:29:50,862 | INFO | VALIDATOR | Validating alert...
2026-07-14 15:29:50,863 | INFO | VALIDATOR | Alert validation successful.
2026-07-14 15:29:50,863 | INFO | SERVICE | Alert validation successful.
2026-07-14 15:29:50,863 | INFO | FEATURES | Extracting alert features...
2026-07-14 15:29:50,863 | INFO | FEATURES | Feature extraction completed.
2026-07-14 15:29:50,863 | INFO | MITRE | Mapping MITRE ATT&CK...
2026-07-14 15:29:50,864 | INFO | MITRE | Matched MITRE T1059.001
2026-07-14 15:29:50,864 | INFO | THREAT_INTEL | Checking reputation of 192.168.10.5
2026-07-14 15:29:50,864 | INFO | DECISION | Running XGBoost prediction...
2026-07-14 15:29:50,866 | INFO | DECISION | Risk Score=100, Decision=Escalate
2026-07-14 15:29:50,867 | INFO | EXPLAINER | Explanation generated.
2026-07-14 15:29:50,867 | INFO | SERVICE | Alert processed successfully.
2026-07-14 15:33:57,566 | INFO | SERVICE | Received new alert.
2026-07-14 15:33:57,566 | INFO | PARSER | Parsing incoming alert...
2026-07-14 15:33:57,567 | INFO | PARSER | Alert parsed successfully.
2026-07-14 15:33:57,567 | INFO | VALIDATOR | Validating alert...
2026-07-14 15:33:57,569 | ERROR | VALIDATOR | Invalid source IP: 999.999.99.9
2026-07-14 15:33:57,569 | ERROR | SERVICE | Alert validation failed.
2026-07-14 15:34:16,116 | INFO | SERVICE | Received new alert.
2026-07-14 15:34:16,116 | INFO | PARSER | Parsing incoming alert...
2026-07-14 15:34:16,116 | INFO | PARSER | Alert parsed successfully.
2026-07-14 15:34:16,117 | INFO | VALIDATOR | Validating alert...
2026-07-14 15:34:16,117 | ERROR | VALIDATOR | Invalid source IP: 172.3.4.5.55.55
2026-07-14 15:34:16,117 | ERROR | SERVICE | Alert validation failed.
2026-07-14 15:34:31,366 | INFO | SERVICE | Received new alert.
2026-07-14 15:34:31,366 | INFO | PARSER | Parsing incoming alert...
2026-07-14 15:34:31,367 | INFO | PARSER | Alert parsed successfully.
2026-07-14 15:34:31,367 | INFO | VALIDATOR | Validating alert...
2026-07-14 15:34:31,367 | INFO | VALIDATOR | Alert validation successful.
2026-07-14 15:34:31,368 | INFO | SERVICE | Alert validation successful.
2026-07-14 15:34:31,368 | INFO | FEATURES | Extracting alert features...
2026-07-14 15:34:31,368 | INFO | FEATURES | Feature extraction completed.
2026-07-14 15:34:31,368 | INFO | MITRE | Mapping MITRE ATT&CK...
2026-07-14 15:34:31,369 | INFO | MITRE | Matched MITRE T1059.001
2026-07-14 15:34:31,369 | INFO | THREAT_INTEL | Checking reputation of 192.168.10.5
2026-07-14 15:34:31,369 | INFO | DECISION | Running XGBoost prediction...
2026-07-14 15:34:31,372 | INFO | DECISION | Risk Score=100, Decision=Escalate
2026-07-14 15:34:31,373 | INFO | EXPLAINER | Explanation generated.
2026-07-14 15:34:31,373 | INFO | SERVICE | Alert processed successfully.
2026-07-15 11:22:01,005 | INFO | SERVICE | Received new alert.
2026-07-15 11:22:01,005 | INFO | PARSER | Parsing incoming alert...
2026-07-15 11:22:01,006 | INFO | PARSER | Alert parsed successfully.
2026-07-15 11:22:01,006 | INFO | VALIDATOR | Validating alert...
2026-07-15 11:22:01,006 | INFO | VALIDATOR | Alert validation successful.
2026-07-15 11:22:01,006 | INFO | SERVICE | Alert validation successful.
2026-07-15 11:22:01,006 | INFO | FEATURES | Extracting alert features...
2026-07-15 11:22:01,007 | INFO | FEATURES | Feature extraction completed.
2026-07-15 11:22:01,007 | INFO | MITRE | Mapping MITRE ATT&CK...
2026-07-15 11:22:01,007 | INFO | MITRE | Matched MITRE T1059.001
2026-07-15 11:22:01,007 | INFO | THREAT_INTEL | Checking reputation of 192.168.10.5
2026-07-15 11:22:01,008 | INFO | DECISION | Running XGBoost prediction...
2026-07-15 11:22:01,013 | INFO | DECISION | Risk Score=100, Decision=Escalate
2026-07-15 11:22:01,013 | INFO | EXPLAINER | Explanation generated.
2026-07-15 11:22:01,013 | INFO | SERVICE | Alert processed successfully.
2026-07-15 11:22:50,287 | INFO | SERVICE | Received new alert.
2026-07-15 11:22:50,288 | INFO | PARSER | Parsing incoming alert...
2026-07-15 11:22:50,288 | INFO | PARSER | Alert parsed successfully.
2026-07-15 11:22:50,289 | INFO | VALIDATOR | Validating alert...
2026-07-15 11:22:50,289 | INFO | VALIDATOR | Alert validation successful.
2026-07-15 11:22:50,289 | INFO | SERVICE | Alert validation successful.
2026-07-15 11:22:50,290 | INFO | FEATURES | Extracting alert features...
2026-07-15 11:22:50,290 | INFO | FEATURES | Feature extraction completed.
2026-07-15 11:22:50,290 | INFO | MITRE | Mapping MITRE ATT&CK...
2026-07-15 11:22:50,291 | INFO | MITRE | Matched MITRE T1059.001
2026-07-15 11:22:50,291 | INFO | THREAT_INTEL | Checking reputation of 192.168.10.5
2026-07-15 11:22:50,291 | INFO | DECISION | Running XGBoost prediction...
2026-07-15 11:22:50,294 | INFO | DECISION | Risk Score=100, Decision=Escalate
2026-07-15 11:22:50,294 | INFO | EXPLAINER | Explanation generated.
2026-07-15 11:22:50,294 | INFO | SERVICE | Alert processed successfully.
2026-07-15 11:22:56,464 | INFO | SERVICE | Received new alert.
2026-07-15 11:22:56,465 | INFO | PARSER | Parsing incoming alert...
2026-07-15 11:22:56,465 | INFO | PARSER | Alert parsed successfully.
2026-07-15 11:22:56,465 | INFO | VALIDATOR | Validating alert...
2026-07-15 11:22:56,466 | INFO | VALIDATOR | Alert validation successful.
2026-07-15 11:22:56,466 | INFO | SERVICE | Alert validation successful.
2026-07-15 11:22:56,466 | INFO | FEATURES | Extracting alert features...
2026-07-15 11:22:56,466 | INFO | FEATURES | Feature extraction completed.
2026-07-15 11:22:56,467 | INFO | MITRE | Mapping MITRE ATT&CK...
2026-07-15 11:22:56,467 | INFO | MITRE | Matched MITRE T1059.001
2026-07-15 11:22:56,467 | INFO | THREAT_INTEL | Checking reputation of 192.168.10.5
2026-07-15 11:22:56,467 | INFO | DECISION | Running XGBoost prediction...
2026-07-15 11:22:56,470 | INFO | DECISION | Risk Score=1, Decision=Close
2026-07-15 11:22:56,471 | INFO | EXPLAINER | Explanation generated.
2026-07-15 11:22:56,471 | INFO | SERVICE | Alert processed successfully.
2026-07-15 11:23:02,932 | INFO | SERVICE | Received new alert.
2026-07-15 11:23:02,933 | INFO | PARSER | Parsing incoming alert...
2026-07-15 11:23:02,933 | INFO | PARSER | Alert parsed successfully.
2026-07-15 11:23:02,933 | INFO | VALIDATOR | Validating alert...
2026-07-15 11:23:02,933 | INFO | VALIDATOR | Alert validation successful.
2026-07-15 11:23:02,934 | INFO | SERVICE | Alert validation successful.
2026-07-15 11:23:02,934 | INFO | FEATURES | Extracting alert features...
2026-07-15 11:23:02,934 | INFO | FEATURES | Feature extraction completed.
2026-07-15 11:23:02,934 | INFO | MITRE | Mapping MITRE ATT&CK...
2026-07-15 11:23:02,935 | INFO | MITRE | Matched MITRE T1059.001
2026-07-15 11:23:02,935 | INFO | THREAT_INTEL | Checking reputation of 192.168.10.5
2026-07-15 11:23:02,935 | INFO | DECISION | Running XGBoost prediction...
2026-07-15 11:23:02,938 | INFO | DECISION | Risk Score=100, Decision=Escalate
2026-07-15 11:23:02,938 | INFO | EXPLAINER | Explanation generated.
2026-07-15 11:23:02,939 | INFO | SERVICE | Alert processed successfully.
2026-07-15 11:28:02,889 | INFO | SERVICE | Received new alert.
2026-07-15 11:28:02,889 | INFO | PARSER | Parsing incoming alert...
2026-07-15 11:28:02,889 | INFO | PARSER | Alert parsed successfully.
2026-07-15 11:28:02,890 | INFO | VALIDATOR | Validating alert...
2026-07-15 11:28:02,890 | INFO | VALIDATOR | Alert validation successful.
2026-07-15 11:28:02,891 | INFO | SERVICE | Alert validation successful.
2026-07-15 11:28:02,891 | INFO | FEATURES | Extracting alert features...
2026-07-15 11:28:02,891 | INFO | FEATURES | Feature extraction completed.
2026-07-15 11:28:02,891 | INFO | MITRE | Mapping MITRE ATT&CK...
2026-07-15 11:28:02,892 | INFO | MITRE | Matched MITRE T1059.001
2026-07-15 11:28:02,892 | INFO | THREAT_INTEL | Checking reputation of 192.168.10.5
2026-07-15 11:28:02,892 | INFO | DECISION | Running XGBoost prediction...
2026-07-15 11:28:02,894 | INFO | DECISION | Risk Score=100, Decision=Escalate
2026-07-15 11:28:02,895 | INFO | EXPLAINER | Explanation generated.
2026-07-15 11:28:02,895 | INFO | SERVICE | Alert processed successfully.
2026-07-15 11:48:58,925 | INFO | SERVICE | Received new alert.
2026-07-15 11:48:58,926 | INFO | PARSER | Parsing incoming alert...
2026-07-15 11:48:58,926 | INFO | PARSER | Alert parsed successfully.
2026-07-15 11:48:58,926 | INFO | VALIDATOR | Validating alert...
2026-07-15 11:48:58,926 | INFO | VALIDATOR | Alert validation successful.
2026-07-15 11:48:58,926 | INFO | SERVICE | Alert validation successful.
2026-07-15 11:48:58,927 | INFO | FEATURES | Extracting alert features...
2026-07-15 11:48:58,927 | INFO | FEATURES | Feature extraction completed.
2026-07-15 11:48:58,927 | INFO | MITRE | Mapping MITRE ATT&CK...
2026-07-15 11:48:58,927 | INFO | MITRE | Matched MITRE T1059.001
2026-07-15 11:48:58,927 | INFO | THREAT_INTEL | Checking reputation of 192.168.10.5
2026-07-15 11:48:58,928 | INFO | DECISION | Running XGBoost prediction...
2026-07-15 11:48:58,930 | INFO | DECISION | Risk Score=100, Decision=Escalate
2026-07-15 11:48:58,930 | INFO | EXPLAINER | Explanation generated.
2026-07-15 11:48:58,930 | INFO | SERVICE | Alert processed successfully.
2026-07-15 13:56:47,108 | INFO | SERVICE | Received new alert.
2026-07-15 13:56:47,109 | INFO | PARSER | Parsing incoming alert...
2026-07-15 13:56:47,110 | INFO | PARSER | Alert parsed successfully.
2026-07-15 13:56:47,111 | INFO | VALIDATOR | Validating alert...
2026-07-15 13:56:47,112 | INFO | VALIDATOR | Alert validation successful.
2026-07-15 13:56:47,112 | INFO | SERVICE | Alert validation successful.
2026-07-15 13:56:47,112 | INFO | FEATURES | Extracting alert features...
2026-07-15 13:56:47,112 | INFO | FEATURES | Feature extraction completed.
2026-07-15 13:56:47,113 | INFO | MITRE | Mapping MITRE ATT&CK...
2026-07-15 13:56:47,113 | INFO | MITRE | Matched MITRE T1059.001
2026-07-15 13:56:47,113 | INFO | THREAT_INTEL | Checking reputation of 192.168.10.5
2026-07-15 13:56:47,114 | INFO | DECISION | Running XGBoost prediction...
2026-07-15 13:56:47,132 | INFO | DECISION | Risk Score=100, Decision=Escalate
2026-07-15 13:56:47,133 | INFO | EXPLAINER | Explanation generated.
2026-07-15 13:56:47,133 | INFO | SERVICE | Alert processed successfully.
2026-07-15 13:56:48,608 | INFO | SERVICE | Received new alert.
2026-07-15 13:56:48,609 | INFO | PARSER | Parsing incoming alert...
2026-07-15 13:56:48,609 | INFO | PARSER | Alert parsed successfully.
2026-07-15 13:56:48,609 | INFO | VALIDATOR | Validating alert...
2026-07-15 13:56:48,610 | INFO | VALIDATOR | Alert validation successful.
2026-07-15 13:56:48,610 | INFO | SERVICE | Alert validation successful.
2026-07-15 13:56:48,610 | INFO | FEATURES | Extracting alert features...
2026-07-15 13:56:48,610 | INFO | FEATURES | Feature extraction completed.
2026-07-15 13:56:48,611 | INFO | MITRE | Mapping MITRE ATT&CK...
2026-07-15 13:56:48,611 | INFO | MITRE | Matched MITRE T1059.001
2026-07-15 13:56:48,611 | INFO | THREAT_INTEL | Checking reputation of 192.168.10.5
2026-07-15 13:56:48,611 | INFO | DECISION | Running XGBoost prediction...
2026-07-15 13:56:48,617 | INFO | DECISION | Risk Score=100, Decision=Escalate
2026-07-15 13:56:48,617 | INFO | EXPLAINER | Explanation generated.
2026-07-15 13:56:48,618 | INFO | SERVICE | Alert processed successfully.
2026-07-15 15:42:48,425 | INFO | SERVICE | Received new alert.
2026-07-15 15:42:48,426 | INFO | PARSER | Parsing incoming alert...
2026-07-15 15:42:48,426 | INFO | PARSER | Alert parsed successfully.
2026-07-15 15:42:48,427 | INFO | VALIDATOR | Validating alert...
2026-07-15 15:42:48,427 | INFO | VALIDATOR | Alert validation successful.
2026-07-15 15:42:48,427 | INFO | SERVICE | Alert validation successful.
2026-07-15 15:42:48,428 | INFO | FEATURES | Extracting alert features...
2026-07-15 15:42:48,428 | INFO | FEATURES | Feature extraction completed.
2026-07-15 15:42:48,429 | INFO | MITRE | Mapping MITRE ATT&CK...
2026-07-15 15:42:48,429 | INFO | MITRE | Matched MITRE T1059.001
2026-07-15 15:42:48,429 | INFO | THREAT_INTEL | Checking reputation of 192.168.10.5
2026-07-15 15:42:48,429 | INFO | DECISION | Running XGBoost prediction...
2026-07-15 15:42:48,448 | INFO | DECISION | Risk Score=100, Decision=Escalate
2026-07-15 15:42:48,449 | INFO | EXPLAINER | Explanation generated.
2026-07-15 15:42:48,449 | INFO | SERVICE | Alert processed successfully.
